<?xml version="1.0" encoding="UTF-8"?>
<testsuite xmlns:xsi="http://www.w3.org/2001/XMLSchema-instance" xsi:noNamespaceSchemaLocation="https://maven.apache.org/surefire/maven-surefire-plugin/xsd/surefire-test-report-3.0.xsd" version="3.0" name="com.example.library.domain.repository.LoanRepositoryTest" time="1.987" tests="1" errors="0" skipped="0" failures="0">
  <properties>
[...]
</properties>
  <testcase name="activeLoanConstraintWorks" classname="com.example.library.domain.repository.LoanRepositoryTest" time="0.346">
    <system-out><![CDATA[
  .   ____          _            __ _ _
 /\\ / ___'_ __ _ _(_)_ __  __ _ \ \ \ \
( ( )\___ | '_ | '_| | '_ \/ _` | \ \ \ \
 \\/  ___)| |_)| | | | | || (_| |  ) ) ) )
  '  |____| .__|_| |_|_| |_\__, | / / / /
 =========|_|==============|___/=/_/_/_/

 :: Spring Boot ::                (v3.5.9)

2026-01-18T23:53:22.418+05:30  INFO 72845 --- [           main] c.e.l.d.repository.LoanRepositoryTest    : Starting LoanRepositoryTest using Java 23.0.2 with PID 72845 (started by deviprasadreddyp-kickdrum in /Users/deviprasadreddyp-kickdrum/Desktop/library-parent/library-domain)
2026-01-18T23:53:22.419+05:30  INFO 72845 --- [           main] c.e.l.d.repository.LoanRepositoryTest    : No active profile set, falling back to 1 default profile: "default"
2026-01-18T23:53:22.523+05:30  INFO 72845 --- [           main] .s.d.r.c.RepositoryConfigurationDelegate : Bootstrapping Spring Data JPA repositories in DEFAULT mode.
2026-01-18T23:53:22.551+05:30  INFO 72845 --- [           main] .s.d.r.c.RepositoryConfigurationDelegate : Finished Spring Data repository scanning in 23 ms. Found 3 JPA repository interfaces.
2026-01-18T23:53:22.599+05:30  INFO 72845 --- [           main] beddedDataSourceBeanFactoryPostProcessor : Replacing 'dataSource' DataSource bean with embedded version
2026-01-18T23:53:22.650+05:30  INFO 72845 --- [           main] o.s.j.d.e.EmbeddedDatabaseFactory        : Starting embedded database: url='jdbc:h2:mem:a3ccbf69-0577-4915-a949-8d3b3982a974;DB_CLOSE_DELAY=-1;DB_CLOSE_ON_EXIT=false', username='sa'
2026-01-18T23:53:22.778+05:30  INFO 72845 --- [           main] o.hibernate.jpa.internal.util.LogHelper  : HHH000204: Processing PersistenceUnitInfo [name: default]
2026-01-18T23:53:22.808+05:30  INFO 72845 --- [           main] org.hibernate.Version                    : HHH000412: Hibernate ORM core version 6.6.39.Final
2026-01-18T23:53:22.822+05:30  INFO 72845 --- [           main] o.h.c.internal.RegionFactoryInitiator    : HHH000026: Second-level cache disabled
2026-01-18T23:53:22.956+05:30  INFO 72845 --- [           main] o.s.o.j.p.SpringPersistenceUnitInfo      : No LoadTimeWeaver setup: ignoring JPA class transformer
2026-01-18T23:53:22.991+05:30  INFO 72845 --- [           main] org.hibernate.orm.connections.pooling    : HHH10001005: Database info:
	Database JDBC URL [Connecting through datasource 'org.springframework.jdbc.datasource.embedded.EmbeddedDatabaseFactory$EmbeddedDataSourceProxy@7159d601']
	Database driver: undefined/unknown
	Database version: 2.3.232
	Autocommit mode: undefined/unknown
	Isolation level: undefined/unknown
	Minimum pool size: undefined/unknown
	Maximum pool size: undefined/unknown
2026-01-18T23:53:23.360+05:30  INFO 72845 --- [           main] o.h.e.t.j.p.i.JtaPlatformInitiator       : HHH000489: No JTA platform available (set 'hibernate.transaction.jta.platform' to enable JTA platform integration)
Hibernate: drop table if exists books cascade 
Hibernate: drop table if exists loans cascade 
Hibernate: drop table if exists users cascade 
Hibernate: create table books (created_at timestamp(6) with time zone not null, updated_at timestamp(6) with time zone not null, version bigint not null, id uuid not null, title varchar(255) not null, status enum ('AVAILABLE','CHECKED_OUT','PROCESSING') not null, primary key (id))
Hibernate: create table loans (borrowed_at timestamp(6) with time zone not null, returned_at timestamp(6) with time zone, book_id uuid not null, borrower_id uuid not null, id uuid not null, primary key (id))
Hibernate: create table users (enabled boolean not null, created_at timestamp(6) with time zone not null, updated_at timestamp(6) with time zone not null, id uuid not null, username varchar(100) not null, password varchar(255) not null, role enum ('LIBRARIAN','MEMBER') not null, primary key (id), constraint uk_user_username unique (username))
Hibernate: create index idx_active_loan_per_book on loans (book_id, returned_at)
Hibernate: alter table if exists loans add constraint FKokwvlrv6o4i4h3le3bwhe6kie foreign key (book_id) references books
Hibernate: alter table if exists loans add constraint FK2r7bo1dhntarh4c125saxyva4 foreign key (borrower_id) references users
2026-01-18T23:53:23.379+05:30  INFO 72845 --- [           main] j.LocalContainerEntityManagerFactoryBean : Initialized JPA EntityManagerFactory for persistence unit 'default'
2026-01-18T23:53:23.509+05:30  INFO 72845 --- [           main] o.s.d.j.r.query.QueryEnhancerFactory     : Hibernate is in classpath; If applicable, HQL parser will be used.
2026-01-18T23:53:23.783+05:30  INFO 72845 --- [           main] c.e.l.d.repository.LoanRepositoryTest    : Started LoanRepositoryTest in 1.505 seconds (process running for 1.894)
Hibernate: insert into books (created_at,status,title,updated_at,version,id) values (?,?,?,?,?,?)
Hibernate: insert into users (created_at,enabled,password,role,updated_at,username,id) values (?,?,?,?,?,?,?)
Hibernate: insert into loans (book_id,borrowed_at,borrower_id,returned_at,id) values (?,?,?,?,?)
Hibernate: select l1_0.id,l1_0.book_id,l1_0.borrowed_at,l1_0.borrower_id,l1_0.returned_at from loans l1_0 where l1_0.book_id=? and l1_0.returned_at is null
]]></system-out>
    <system-err><![CDATA[Mockito is currently self-attaching to enable the inline-mock-maker. This will no longer work in future releases of the JDK. Please add Mockito as an agent to your build as described in Mockito's documentation: https://javadoc.io/doc/org.mockito/mockito-core/latest/org.mockito/org/mockito/Mockito.html#0.3
WARNING: A Java agent has been loaded dynamically (/Users/deviprasadreddyp-kickdrum/.m2/repository/net/bytebuddy/byte-buddy-agent/1.17.8/byte-buddy-agent-1.17.8.jar)
WARNING: If a serviceability tool is in use, please run with -XX:+EnableDynamicAgentLoading to hide this warning
WARNING: If a serviceability tool is not in use, please run with -Djdk.instrument.traceUsage for more information
WARNING: Dynamic loading of agents will be disallowed by default in a future release
]]></system-err>
  </testcase>
</testsuite>